DEBUG main org.jboss.logging - Logging Provider: org.jboss.logging.Log4jLoggerProvider
DEBUG main io.undertow - starting undertow server io.undertow.Undertow@4926097b
INFO main org.xnio - XNIO version 3.3.8.Final
INFO main org.xnio.nio - XNIO NIO Implementation Version 3.3.8.Final
DEBUG XNIO-1 I/O-1 org.xnio.nio - Started channel thread 'XNIO-1 I/O-1', selector sun.nio.ch.WindowsSelectorImpl@54d7e81
DEBUG XNIO-1 I/O-2 org.xnio.nio - Started channel thread 'XNIO-1 I/O-2', selector sun.nio.ch.WindowsSelectorImpl@20b66d09
DEBUG XNIO-1 I/O-3 org.xnio.nio - Started channel thread 'XNIO-1 I/O-3', selector sun.nio.ch.WindowsSelectorImpl@4ea55edb
DEBUG XNIO-1 I/O-4 org.xnio.nio - Started channel thread 'XNIO-1 I/O-4', selector sun.nio.ch.WindowsSelectorImpl@59dad9ad
DEBUG XNIO-1 Accept org.xnio.nio - Started channel thread 'XNIO-1 Accept', selector sun.nio.ch.WindowsSelectorImpl@2a9a3f26
DEBUG main io.undertow - Configuring listener with protocol HTTP for interface 0.0.0.0 and port 8080
DEBUG main org.jboss.logging - Logging Provider: org.jboss.logging.Log4jLoggerProvider
DEBUG main io.undertow - starting undertow server io.undertow.Undertow@4926097b
INFO main org.xnio - XNIO version 3.3.8.Final
INFO main org.xnio.nio - XNIO NIO Implementation Version 3.3.8.Final
DEBUG XNIO-1 I/O-1 org.xnio.nio - Started channel thread 'XNIO-1 I/O-1', selector sun.nio.ch.WindowsSelectorImpl@4ea55edb
DEBUG XNIO-1 I/O-2 org.xnio.nio - Started channel thread 'XNIO-1 I/O-2', selector sun.nio.ch.WindowsSelectorImpl@59dad9ad
DEBUG XNIO-1 I/O-4 org.xnio.nio - Started channel thread 'XNIO-1 I/O-4', selector sun.nio.ch.WindowsSelectorImpl@4f9ff52
DEBUG XNIO-1 I/O-3 org.xnio.nio - Started channel thread 'XNIO-1 I/O-3', selector sun.nio.ch.WindowsSelectorImpl@2a9a3f26
DEBUG XNIO-1 Accept org.xnio.nio - Started channel thread 'XNIO-1 Accept', selector sun.nio.ch.WindowsSelectorImpl@1beb0cf7
DEBUG main io.undertow - Configuring listener with protocol HTTP for interface 0.0.0.0 and port 8080
DEBUG main org.jboss.logging - Logging Provider: org.jboss.logging.Log4jLoggerProvider
DEBUG main io.undertow - starting undertow server io.undertow.Undertow@4926097b
INFO main org.xnio - XNIO version 3.3.8.Final
INFO main org.xnio.nio - XNIO NIO Implementation Version 3.3.8.Final
DEBUG XNIO-1 I/O-2 org.xnio.nio - Started channel thread 'XNIO-1 I/O-2', selector sun.nio.ch.WindowsSelectorImpl@59dad9ad
DEBUG XNIO-1 I/O-1 org.xnio.nio - Started channel thread 'XNIO-1 I/O-1', selector sun.nio.ch.WindowsSelectorImpl@4ea55edb
DEBUG XNIO-1 Accept org.xnio.nio - Started channel thread 'XNIO-1 Accept', selector sun.nio.ch.WindowsSelectorImpl@261b24e
DEBUG XNIO-1 I/O-3 org.xnio.nio - Started channel thread 'XNIO-1 I/O-3', selector sun.nio.ch.WindowsSelectorImpl@2a9a3f26
DEBUG XNIO-1 I/O-4 org.xnio.nio - Started channel thread 'XNIO-1 I/O-4', selector sun.nio.ch.WindowsSelectorImpl@4f9ff52
DEBUG main io.undertow - Configuring listener with protocol HTTP for interface 0.0.0.0 and port 8080
DEBUG main org.jboss.logging - Logging Provider: org.jboss.logging.Log4jLoggerProvider
DEBUG main io.undertow - starting undertow server io.undertow.Undertow@4926097b
INFO main org.xnio - XNIO version 3.3.8.Final
INFO main org.xnio.nio - XNIO NIO Implementation Version 3.3.8.Final
DEBUG XNIO-1 I/O-2 org.xnio.nio - Started channel thread 'XNIO-1 I/O-2', selector sun.nio.ch.WindowsSelectorImpl@4f9ff52
DEBUG XNIO-1 I/O-1 org.xnio.nio - Started channel thread 'XNIO-1 I/O-1', selector sun.nio.ch.WindowsSelectorImpl@2a9a3f26
DEBUG XNIO-1 I/O-4 org.xnio.nio - Started channel thread 'XNIO-1 I/O-4', selector sun.nio.ch.WindowsSelectorImpl@49d00884
DEBUG XNIO-1 Accept org.xnio.nio - Started channel thread 'XNIO-1 Accept', selector sun.nio.ch.WindowsSelectorImpl@261b24e
DEBUG XNIO-1 I/O-3 org.xnio.nio - Started channel thread 'XNIO-1 I/O-3', selector sun.nio.ch.WindowsSelectorImpl@1beb0cf7
DEBUG main io.undertow - Configuring listener with protocol HTTP for interface 0.0.0.0 and port 8080
DEBUG main org.jboss.logging - Logging Provider: org.jboss.logging.Log4jLoggerProvider
DEBUG main io.undertow - starting undertow server io.undertow.Undertow@3d71d552
INFO main org.xnio - XNIO version 3.3.8.Final
INFO main org.xnio.nio - XNIO NIO Implementation Version 3.3.8.Final
DEBUG XNIO-1 I/O-1 org.xnio.nio - Started channel thread 'XNIO-1 I/O-1', selector sun.nio.ch.WindowsSelectorImpl@2369befb
DEBUG XNIO-1 I/O-2 org.xnio.nio - Started channel thread 'XNIO-1 I/O-2', selector sun.nio.ch.WindowsSelectorImpl@236a3830
DEBUG XNIO-1 Accept org.xnio.nio - Started channel thread 'XNIO-1 Accept', selector sun.nio.ch.WindowsSelectorImpl@7e6403f3
DEBUG XNIO-1 I/O-3 org.xnio.nio - Started channel thread 'XNIO-1 I/O-3', selector sun.nio.ch.WindowsSelectorImpl@61d1f94e
DEBUG XNIO-1 I/O-4 org.xnio.nio - Started channel thread 'XNIO-1 I/O-4', selector sun.nio.ch.WindowsSelectorImpl@48698628
DEBUG main io.undertow - Configuring listener with protocol HTTP for interface 0.0.0.0 and port 8080
DEBUG XNIO-1 I/O-1 io.undertow.request.error-response - Setting error code 500 for exchange HttpServerExchange{ GET /account/listCustomers request {Connection=[keep-alive], Accept=[text/html,application/xhtml+xml,application/xml;q=0.9,image/webp,image/apng,*/*;q=0.8], Accept-Language=[en-US,en;q=0.9], Accept-Encoding=[gzip, deflate, br], User-Agent=[Mozilla/5.0 (Windows NT 10.0; Win64; x64) AppleWebKit/537.36 (KHTML, like Gecko) Chrome/71.0.3578.98 Safari/537.36], Upgrade-Insecure-Requests=[1], Host=[localhost:8080]} response {}}
java.lang.RuntimeException
	at io.undertow.server.HttpServerExchange.setStatusCode(HttpServerExchange.java:1410)
	at io.undertow.server.Connectors.executeRootHandler(Connectors.java:391)
	at io.undertow.server.protocol.http.HttpReadListener.handleEventWithNoRunningRequest(HttpReadListener.java:255)
	at io.undertow.server.protocol.http.HttpReadListener.handleEvent(HttpReadListener.java:136)
	at io.undertow.server.protocol.http.HttpOpenListener.handleEvent(HttpOpenListener.java:151)
	at io.undertow.server.protocol.http.HttpOpenListener.handleEvent(HttpOpenListener.java:92)
	at io.undertow.server.protocol.http.HttpOpenListener.handleEvent(HttpOpenListener.java:51)
	at org.xnio.ChannelListeners.invokeChannelListener(ChannelListeners.java:92)
	at org.xnio.ChannelListeners$10.handleEvent(ChannelListeners.java:291)
	at org.xnio.ChannelListeners$10.handleEvent(ChannelListeners.java:286)
	at org.xnio.ChannelListeners.invokeChannelListener(ChannelListeners.java:92)
	at org.xnio.nio.QueuedNioTcpServer$1.run(QueuedNioTcpServer.java:129)
	at org.xnio.nio.WorkerThread.safeRun(WorkerThread.java:582)
	at org.xnio.nio.WorkerThread.run(WorkerThread.java:466)
ERROR XNIO-1 I/O-1 io.undertow.request - UT005071: Undertow request failed HttpServerExchange{ GET /account/listCustomers request {Connection=[keep-alive], Accept=[text/html,application/xhtml+xml,application/xml;q=0.9,image/webp,image/apng,*/*;q=0.8], Accept-Language=[en-US,en;q=0.9], Accept-Encoding=[gzip, deflate, br], User-Agent=[Mozilla/5.0 (Windows NT 10.0; Win64; x64) AppleWebKit/537.36 (KHTML, like Gecko) Chrome/71.0.3578.98 Safari/537.36], Upgrade-Insecure-Requests=[1], Host=[localhost:8080]} response {}}
java.lang.NullPointerException
	at io.undertow.server.Connectors.executeRootHandler(Connectors.java:360)
	at io.undertow.server.protocol.http.HttpReadListener.handleEventWithNoRunningRequest(HttpReadListener.java:255)
	at io.undertow.server.protocol.http.HttpReadListener.handleEvent(HttpReadListener.java:136)
	at io.undertow.server.protocol.http.HttpOpenListener.handleEvent(HttpOpenListener.java:151)
	at io.undertow.server.protocol.http.HttpOpenListener.handleEvent(HttpOpenListener.java:92)
	at io.undertow.server.protocol.http.HttpOpenListener.handleEvent(HttpOpenListener.java:51)
	at org.xnio.ChannelListeners.invokeChannelListener(ChannelListeners.java:92)
	at org.xnio.ChannelListeners$10.handleEvent(ChannelListeners.java:291)
	at org.xnio.ChannelListeners$10.handleEvent(ChannelListeners.java:286)
	at org.xnio.ChannelListeners.invokeChannelListener(ChannelListeners.java:92)
	at org.xnio.nio.QueuedNioTcpServer$1.run(QueuedNioTcpServer.java:129)
	at org.xnio.nio.WorkerThread.safeRun(WorkerThread.java:582)
	at org.xnio.nio.WorkerThread.run(WorkerThread.java:466)
DEBUG XNIO-1 I/O-3 io.undertow.request.error-response - Setting error code 500 for exchange HttpServerExchange{ GET /account/allCustomers request {Connection=[keep-alive], Accept=[text/html,application/xhtml+xml,application/xml;q=0.9,image/webp,image/apng,*/*;q=0.8], Accept-Language=[en-US,en;q=0.9], Accept-Encoding=[gzip, deflate, br], User-Agent=[Mozilla/5.0 (Windows NT 10.0; Win64; x64) AppleWebKit/537.36 (KHTML, like Gecko) Chrome/71.0.3578.98 Safari/537.36], Upgrade-Insecure-Requests=[1], Host=[localhost:8080]} response {}}
java.lang.RuntimeException
	at io.undertow.server.HttpServerExchange.setStatusCode(HttpServerExchange.java:1410)
	at io.undertow.server.Connectors.executeRootHandler(Connectors.java:391)
	at io.undertow.server.protocol.http.HttpReadListener.handleEventWithNoRunningRequest(HttpReadListener.java:255)
	at io.undertow.server.protocol.http.HttpReadListener.handleEvent(HttpReadListener.java:136)
	at io.undertow.server.protocol.http.HttpOpenListener.handleEvent(HttpOpenListener.java:151)
	at io.undertow.server.protocol.http.HttpOpenListener.handleEvent(HttpOpenListener.java:92)
	at io.undertow.server.protocol.http.HttpOpenListener.handleEvent(HttpOpenListener.java:51)
	at org.xnio.ChannelListeners.invokeChannelListener(ChannelListeners.java:92)
	at org.xnio.ChannelListeners$10.handleEvent(ChannelListeners.java:291)
	at org.xnio.ChannelListeners$10.handleEvent(ChannelListeners.java:286)
	at org.xnio.ChannelListeners.invokeChannelListener(ChannelListeners.java:92)
	at org.xnio.nio.QueuedNioTcpServer$1.run(QueuedNioTcpServer.java:129)
	at org.xnio.nio.WorkerThread.safeRun(WorkerThread.java:582)
	at org.xnio.nio.WorkerThread.run(WorkerThread.java:466)
ERROR XNIO-1 I/O-3 io.undertow.request - UT005071: Undertow request failed HttpServerExchange{ GET /account/allCustomers request {Connection=[keep-alive], Accept=[text/html,application/xhtml+xml,application/xml;q=0.9,image/webp,image/apng,*/*;q=0.8], Accept-Language=[en-US,en;q=0.9], Accept-Encoding=[gzip, deflate, br], User-Agent=[Mozilla/5.0 (Windows NT 10.0; Win64; x64) AppleWebKit/537.36 (KHTML, like Gecko) Chrome/71.0.3578.98 Safari/537.36], Upgrade-Insecure-Requests=[1], Host=[localhost:8080]} response {}}
java.lang.NullPointerException
	at io.undertow.server.Connectors.executeRootHandler(Connectors.java:360)
	at io.undertow.server.protocol.http.HttpReadListener.handleEventWithNoRunningRequest(HttpReadListener.java:255)
	at io.undertow.server.protocol.http.HttpReadListener.handleEvent(HttpReadListener.java:136)
	at io.undertow.server.protocol.http.HttpOpenListener.handleEvent(HttpOpenListener.java:151)
	at io.undertow.server.protocol.http.HttpOpenListener.handleEvent(HttpOpenListener.java:92)
	at io.undertow.server.protocol.http.HttpOpenListener.handleEvent(HttpOpenListener.java:51)
	at org.xnio.ChannelListeners.invokeChannelListener(ChannelListeners.java:92)
	at org.xnio.ChannelListeners$10.handleEvent(ChannelListeners.java:291)
	at org.xnio.ChannelListeners$10.handleEvent(ChannelListeners.java:286)
	at org.xnio.ChannelListeners.invokeChannelListener(ChannelListeners.java:92)
	at org.xnio.nio.QueuedNioTcpServer$1.run(QueuedNioTcpServer.java:129)
	at org.xnio.nio.WorkerThread.safeRun(WorkerThread.java:582)
	at org.xnio.nio.WorkerThread.run(WorkerThread.java:466)
DEBUG main org.jboss.logging - Logging Provider: org.jboss.logging.Log4jLoggerProvider
DEBUG main io.undertow - starting undertow server io.undertow.Undertow@343f4d3d
INFO main org.xnio - XNIO version 3.3.8.Final
INFO main org.xnio.nio - XNIO NIO Implementation Version 3.3.8.Final
DEBUG XNIO-1 I/O-2 org.xnio.nio - Started channel thread 'XNIO-1 I/O-2', selector sun.nio.ch.WindowsSelectorImpl@3ff6731c
DEBUG XNIO-1 I/O-1 org.xnio.nio - Started channel thread 'XNIO-1 I/O-1', selector sun.nio.ch.WindowsSelectorImpl@5f96012c
DEBUG XNIO-1 Accept org.xnio.nio - Started channel thread 'XNIO-1 Accept', selector sun.nio.ch.WindowsSelectorImpl@4cf6b6a4
DEBUG XNIO-1 I/O-4 org.xnio.nio - Started channel thread 'XNIO-1 I/O-4', selector sun.nio.ch.WindowsSelectorImpl@363fe738
DEBUG XNIO-1 I/O-3 org.xnio.nio - Started channel thread 'XNIO-1 I/O-3', selector sun.nio.ch.WindowsSelectorImpl@277b67ba
DEBUG main io.undertow - Configuring listener with protocol HTTP for interface 0.0.0.0 and port 8080
DEBUG main org.jboss.logging - Logging Provider: org.jboss.logging.Log4jLoggerProvider
DEBUG main io.undertow.session - Setting default session timeout to 1800
DEBUG main io.undertow.session - Registered session listener io.undertow.servlet.core.SessionListenerBridge@12c8a2c0
DEBUG main org.jboss.resteasy.resteasy_jaxrs.i18n - Provider : org.jboss.resteasy.plugins.providers.DocumentProvider,  Method : DocumentProvider
DEBUG main org.jboss.resteasy.resteasy_jaxrs.i18n - Provider : org.jboss.resteasy.plugins.providers.DocumentProvider,  Method : DocumentProvider
INFO main org.jboss.resteasy.resteasy_jaxrs.i18n - RESTEASY002225: Deploying javax.ws.rs.core.Application: class com.revolut.account.RevolutMoneyTransferApp
INFO main org.jboss.resteasy.resteasy_jaxrs.i18n - RESTEASY002200: Adding class resource com.revolut.account.controller.AccountController from Application class com.revolut.account.RevolutMoneyTransferApp
DEBUG main com.revolut.account.RestServer - starting on http://0.0.0.0:8080
DEBUG main io.undertow - starting undertow server io.undertow.Undertow@793be5ca
INFO main org.xnio - XNIO version 3.3.8.Final
INFO main org.xnio.nio - XNIO NIO Implementation Version 3.3.8.Final
DEBUG XNIO-1 I/O-1 org.xnio.nio - Started channel thread 'XNIO-1 I/O-1', selector sun.nio.ch.WindowsSelectorImpl@7abc3752
DEBUG XNIO-1 I/O-2 org.xnio.nio - Started channel thread 'XNIO-1 I/O-2', selector sun.nio.ch.WindowsSelectorImpl@b84b7b9
DEBUG XNIO-1 I/O-3 org.xnio.nio - Started channel thread 'XNIO-1 I/O-3', selector sun.nio.ch.WindowsSelectorImpl@564a86c1
DEBUG XNIO-1 I/O-4 org.xnio.nio - Started channel thread 'XNIO-1 I/O-4', selector sun.nio.ch.WindowsSelectorImpl@73300135
DEBUG XNIO-1 Accept org.xnio.nio - Started channel thread 'XNIO-1 Accept', selector sun.nio.ch.WindowsSelectorImpl@8734fb8
DEBUG main io.undertow - Configuring listener with protocol HTTP for interface 0.0.0.0 and port 8080
DEBUG XNIO-1 I/O-3 io.undertow.request - Matched default handler path /account/allCustomers
DEBUG XNIO-1 task-1 io.undertow.request.security - Attempting to authenticate /account/allCustomers, authentication required: false
DEBUG XNIO-1 task-1 io.undertow.request.security - Authentication outcome was NOT_ATTEMPTED with method io.undertow.security.impl.CachedAuthenticatedSessionMechanism@60aa3142 for /account/allCustomers
DEBUG XNIO-1 task-1 io.undertow.request.security - Authentication result was ATTEMPTED for /account/allCustomers
DEBUG XNIO-1 task-1 org.jboss.resteasy.resteasy_jaxrs.i18n - RESTEASY002315: PathInfo: /account/allCustomers
DEBUG XNIO-1 task-1 org.jboss.resteasy.resteasy_jaxrs.i18n - MessageBodyWriter: org.jboss.resteasy.spi.ResteasyProviderFactory$SortedKey
DEBUG XNIO-1 task-1 org.jboss.resteasy.resteasy_jaxrs.i18n - MessageBodyWriter: org.jboss.resteasy.plugins.providers.jackson.ResteasyJackson2Provider
DEBUG XNIO-1 task-1 org.jboss.resteasy.resteasy_jaxrs.i18n - MessageBodyWriter: org.jboss.resteasy.plugins.providers.jackson.ResteasyJackson2Provider
DEBUG XNIO-1 task-1 org.jboss.resteasy.resteasy_jaxrs.i18n - Interceptor Context: org.jboss.resteasy.core.interception.ServerWriterInterceptorContext,  Method : proceed
DEBUG XNIO-1 task-1 org.jboss.resteasy.resteasy_jaxrs.i18n - MessageBodyWriter: org.jboss.resteasy.spi.ResteasyProviderFactory$SortedKey
DEBUG XNIO-1 task-1 org.jboss.resteasy.resteasy_jaxrs.i18n - MessageBodyWriter: org.jboss.resteasy.plugins.providers.jackson.ResteasyJackson2Provider
DEBUG XNIO-1 task-1 org.jboss.resteasy.resteasy_jaxrs.i18n - Provider : org.jboss.resteasy.plugins.providers.jackson.ResteasyJackson2Provider,  Method : writeTo
DEBUG XNIO-1 I/O-3 io.undertow.request - Matched default handler path /favicon.ico
DEBUG XNIO-1 task-2 io.undertow.request.security - Attempting to authenticate /favicon.ico, authentication required: false
DEBUG XNIO-1 task-2 io.undertow.request.security - Authentication outcome was NOT_ATTEMPTED with method io.undertow.security.impl.CachedAuthenticatedSessionMechanism@60aa3142 for /favicon.ico
DEBUG XNIO-1 task-2 io.undertow.request.security - Authentication result was ATTEMPTED for /favicon.ico
DEBUG XNIO-1 task-2 org.jboss.resteasy.resteasy_jaxrs.i18n - RESTEASY002315: PathInfo: /favicon.ico
DEBUG XNIO-1 task-2 org.jboss.resteasy.resteasy_jaxrs.i18n - RESTEASY002307: Failed to execute
javax.ws.rs.NotFoundException: RESTEASY003210: Could not find resource for full path: http://localhost:8080/favicon.ico
	at org.jboss.resteasy.core.registry.ClassNode.match(ClassNode.java:75)
	at org.jboss.resteasy.core.registry.RootClassNode.match(RootClassNode.java:48)
	at org.jboss.resteasy.core.ResourceMethodRegistry.getResourceInvoker(ResourceMethodRegistry.java:438)
	at org.jboss.resteasy.core.SynchronousDispatcher.getInvoker(SynchronousDispatcher.java:302)
	at org.jboss.resteasy.core.SynchronousDispatcher.lambda$invoke$4(SynchronousDispatcher.java:223)
	at org.jboss.resteasy.core.SynchronousDispatcher.lambda$preprocess$0(SynchronousDispatcher.java:137)
	at org.jboss.resteasy.core.interception.PreMatchContainerRequestContext.filter(PreMatchContainerRequestContext.java:361)
	at org.jboss.resteasy.core.SynchronousDispatcher.preprocess(SynchronousDispatcher.java:140)
	at org.jboss.resteasy.core.SynchronousDispatcher.invoke(SynchronousDispatcher.java:217)
	at org.jboss.resteasy.plugins.server.servlet.ServletContainerDispatcher.service(ServletContainerDispatcher.java:227)
	at org.jboss.resteasy.plugins.server.servlet.HttpServletDispatcher.service(HttpServletDispatcher.java:56)
	at org.jboss.resteasy.plugins.server.servlet.HttpServletDispatcher.service(HttpServletDispatcher.java:51)
	at javax.servlet.http.HttpServlet.service(HttpServlet.java:790)
	at io.undertow.servlet.handlers.ServletHandler.handleRequest(ServletHandler.java:85)
	at io.undertow.servlet.handlers.security.ServletSecurityRoleHandler.handleRequest(ServletSecurityRoleHandler.java:62)
	at io.undertow.servlet.handlers.ServletDispatchingHandler.handleRequest(ServletDispatchingHandler.java:36)
	at io.undertow.servlet.handlers.security.SSLInformationAssociationHandler.handleRequest(SSLInformationAssociationHandler.java:131)
	at io.undertow.servlet.handlers.security.ServletAuthenticationCallHandler.handleRequest(ServletAuthenticationCallHandler.java:57)
	at io.undertow.server.handlers.PredicateHandler.handleRequest(PredicateHandler.java:43)
	at io.undertow.security.handlers.AbstractConfidentialityHandler.handleRequest(AbstractConfidentialityHandler.java:46)
	at io.undertow.servlet.handlers.security.ServletConfidentialityConstraintHandler.handleRequest(ServletConfidentialityConstraintHandler.java:64)
	at io.undertow.security.handlers.AuthenticationMechanismsHandler.handleRequest(AuthenticationMechanismsHandler.java:60)
	at io.undertow.servlet.handlers.security.CachedAuthenticatedSessionHandler.handleRequest(CachedAuthenticatedSessionHandler.java:77)
	at io.undertow.security.handlers.AbstractSecurityContextAssociationHandler.handleRequest(AbstractSecurityContextAssociationHandler.java:43)
	at io.undertow.server.handlers.PredicateHandler.handleRequest(PredicateHandler.java:43)
	at io.undertow.server.handlers.PredicateHandler.handleRequest(PredicateHandler.java:43)
	at io.undertow.servlet.handlers.ServletInitialHandler.handleFirstRequest(ServletInitialHandler.java:292)
	at io.undertow.servlet.handlers.ServletInitialHandler.access$100(ServletInitialHandler.java:81)
	at io.undertow.servlet.handlers.ServletInitialHandler$2.call(ServletInitialHandler.java:138)
	at io.undertow.servlet.handlers.ServletInitialHandler$2.call(ServletInitialHandler.java:135)
	at io.undertow.servlet.core.ServletRequestContextThreadSetupAction$1.call(ServletRequestContextThreadSetupAction.java:48)
	at io.undertow.servlet.core.ContextClassLoaderSetupAction$1.call(ContextClassLoaderSetupAction.java:43)
	at io.undertow.servlet.handlers.ServletInitialHandler.dispatchRequest(ServletInitialHandler.java:272)
	at io.undertow.servlet.handlers.ServletInitialHandler.access$000(ServletInitialHandler.java:81)
	at io.undertow.servlet.handlers.ServletInitialHandler$1.handleRequest(ServletInitialHandler.java:104)
	at io.undertow.server.Connectors.executeRootHandler(Connectors.java:360)
	at io.undertow.server.HttpServerExchange$1.run(HttpServerExchange.java:830)
	at java.util.concurrent.ThreadPoolExecutor.runWorker(ThreadPoolExecutor.java:1149)
	at java.util.concurrent.ThreadPoolExecutor$Worker.run(ThreadPoolExecutor.java:624)
	at java.lang.Thread.run(Thread.java:748)
DEBUG main io.undertow.session - Setting default session timeout to 1800
DEBUG main io.undertow.session - Registered session listener io.undertow.servlet.core.SessionListenerBridge@13eb8acf
DEBUG main org.jboss.resteasy.resteasy_jaxrs.i18n - Provider : org.jboss.resteasy.plugins.providers.DocumentProvider,  Method : DocumentProvider
DEBUG main org.jboss.resteasy.resteasy_jaxrs.i18n - Provider : org.jboss.resteasy.plugins.providers.DocumentProvider,  Method : DocumentProvider
INFO main org.jboss.resteasy.resteasy_jaxrs.i18n - RESTEASY002225: Deploying javax.ws.rs.core.Application: class com.revolut.account.RevolutMoneyTransferApp
INFO main org.jboss.resteasy.resteasy_jaxrs.i18n - RESTEASY002200: Adding class resource com.revolut.account.controller.AccountController from Application class com.revolut.account.RevolutMoneyTransferApp
DEBUG main com.revolut.account.RestServer - starting on http://0.0.0.0:8080
DEBUG main io.undertow - starting undertow server io.undertow.Undertow@793be5ca
INFO main org.xnio - XNIO version 3.3.8.Final
INFO main org.xnio.nio - XNIO NIO Implementation Version 3.3.8.Final
DEBUG XNIO-1 I/O-2 org.xnio.nio - Started channel thread 'XNIO-1 I/O-2', selector sun.nio.ch.WindowsSelectorImpl@698bd894
DEBUG XNIO-1 I/O-1 org.xnio.nio - Started channel thread 'XNIO-1 I/O-1', selector sun.nio.ch.WindowsSelectorImpl@462e8199
DEBUG XNIO-1 Accept org.xnio.nio - Started channel thread 'XNIO-1 Accept', selector sun.nio.ch.WindowsSelectorImpl@9c1a38a
DEBUG XNIO-1 I/O-4 org.xnio.nio - Started channel thread 'XNIO-1 I/O-4', selector sun.nio.ch.WindowsSelectorImpl@77c7d025
DEBUG XNIO-1 I/O-3 org.xnio.nio - Started channel thread 'XNIO-1 I/O-3', selector sun.nio.ch.WindowsSelectorImpl@81f87da
DEBUG main io.undertow - Configuring listener with protocol HTTP for interface 0.0.0.0 and port 8080
DEBUG XNIO-1 I/O-1 io.undertow.request - Matched default handler path /account/allCustomers
DEBUG XNIO-1 task-1 io.undertow.request.security - Attempting to authenticate /account/allCustomers, authentication required: false
DEBUG XNIO-1 task-1 io.undertow.request.security - Authentication outcome was NOT_ATTEMPTED with method io.undertow.security.impl.CachedAuthenticatedSessionMechanism@1796efdc for /account/allCustomers
DEBUG XNIO-1 task-1 io.undertow.request.security - Authentication result was ATTEMPTED for /account/allCustomers
DEBUG XNIO-1 task-1 org.jboss.resteasy.resteasy_jaxrs.i18n - RESTEASY002315: PathInfo: /account/allCustomers
DEBUG XNIO-1 task-1 org.jboss.resteasy.resteasy_jaxrs.i18n - MessageBodyWriter: org.jboss.resteasy.spi.ResteasyProviderFactory$SortedKey
DEBUG XNIO-1 task-1 org.jboss.resteasy.resteasy_jaxrs.i18n - MessageBodyWriter: org.jboss.resteasy.plugins.providers.jackson.ResteasyJackson2Provider
DEBUG XNIO-1 task-1 org.jboss.resteasy.resteasy_jaxrs.i18n - MessageBodyWriter: org.jboss.resteasy.plugins.providers.jackson.ResteasyJackson2Provider
DEBUG XNIO-1 task-1 org.jboss.resteasy.resteasy_jaxrs.i18n - Interceptor Context: org.jboss.resteasy.core.interception.ServerWriterInterceptorContext,  Method : proceed
DEBUG XNIO-1 task-1 org.jboss.resteasy.resteasy_jaxrs.i18n - MessageBodyWriter: org.jboss.resteasy.spi.ResteasyProviderFactory$SortedKey
DEBUG XNIO-1 task-1 org.jboss.resteasy.resteasy_jaxrs.i18n - MessageBodyWriter: org.jboss.resteasy.plugins.providers.jackson.ResteasyJackson2Provider
DEBUG XNIO-1 task-1 org.jboss.resteasy.resteasy_jaxrs.i18n - Provider : org.jboss.resteasy.plugins.providers.jackson.ResteasyJackson2Provider,  Method : writeTo
DEBUG XNIO-1 I/O-4 io.undertow.request - Matched default handler path /account/allCustomers
DEBUG XNIO-1 task-2 io.undertow.request.security - Attempting to authenticate /account/allCustomers, authentication required: false
DEBUG XNIO-1 task-2 io.undertow.request.security - Authentication outcome was NOT_ATTEMPTED with method io.undertow.security.impl.CachedAuthenticatedSessionMechanism@1796efdc for /account/allCustomers
DEBUG XNIO-1 task-2 io.undertow.request.security - Authentication result was ATTEMPTED for /account/allCustomers
DEBUG XNIO-1 task-2 org.jboss.resteasy.resteasy_jaxrs.i18n - RESTEASY002315: PathInfo: /account/allCustomers
DEBUG XNIO-1 task-2 org.jboss.resteasy.resteasy_jaxrs.i18n - MessageBodyWriter: org.jboss.resteasy.spi.ResteasyProviderFactory$SortedKey
DEBUG XNIO-1 task-2 org.jboss.resteasy.resteasy_jaxrs.i18n - MessageBodyWriter: org.jboss.resteasy.plugins.providers.jackson.ResteasyJackson2Provider
DEBUG XNIO-1 task-2 org.jboss.resteasy.resteasy_jaxrs.i18n - MessageBodyWriter: org.jboss.resteasy.plugins.providers.jackson.ResteasyJackson2Provider
DEBUG XNIO-1 task-2 org.jboss.resteasy.resteasy_jaxrs.i18n - Interceptor Context: org.jboss.resteasy.core.interception.ServerWriterInterceptorContext,  Method : proceed
DEBUG XNIO-1 task-2 org.jboss.resteasy.resteasy_jaxrs.i18n - MessageBodyWriter: org.jboss.resteasy.spi.ResteasyProviderFactory$SortedKey
DEBUG XNIO-1 task-2 org.jboss.resteasy.resteasy_jaxrs.i18n - MessageBodyWriter: org.jboss.resteasy.plugins.providers.jackson.ResteasyJackson2Provider
DEBUG XNIO-1 task-2 org.jboss.resteasy.resteasy_jaxrs.i18n - Provider : org.jboss.resteasy.plugins.providers.jackson.ResteasyJackson2Provider,  Method : writeTo
DEBUG XNIO-1 I/O-4 io.undertow.request - Timing out idle connection from /0:0:0:0:0:0:0:1:56649
DEBUG XNIO-1 I/O-4 io.undertow.request - Matched default handler path /account/createCustomer
DEBUG XNIO-1 task-3 io.undertow.request.security - Attempting to authenticate /account/createCustomer, authentication required: false
DEBUG XNIO-1 task-3 io.undertow.request.security - Authentication outcome was NOT_ATTEMPTED with method io.undertow.security.impl.CachedAuthenticatedSessionMechanism@1796efdc for /account/createCustomer
DEBUG XNIO-1 task-3 io.undertow.request.security - Authentication result was ATTEMPTED for /account/createCustomer
DEBUG XNIO-1 task-3 org.jboss.resteasy.resteasy_jaxrs.i18n - RESTEASY002315: PathInfo: /account/createCustomer
ERROR XNIO-1 task-3 io.undertow.request - UT005023: Exception handling request to /account/createCustomer
org.jboss.resteasy.spi.UnhandledException: java.lang.NullPointerException
	at org.jboss.resteasy.core.ExceptionHandler.handleApplicationException(ExceptionHandler.java:78)
	at org.jboss.resteasy.core.ExceptionHandler.handleException(ExceptionHandler.java:222)
	at org.jboss.resteasy.core.SynchronousDispatcher.writeException(SynchronousDispatcher.java:195)
	at org.jboss.resteasy.core.SynchronousDispatcher.invoke(SynchronousDispatcher.java:457)
	at org.jboss.resteasy.core.SynchronousDispatcher.lambda$invoke$4(SynchronousDispatcher.java:231)
	at org.jboss.resteasy.core.SynchronousDispatcher.lambda$preprocess$0(SynchronousDispatcher.java:137)
	at org.jboss.resteasy.core.interception.PreMatchContainerRequestContext.filter(PreMatchContainerRequestContext.java:361)
	at org.jboss.resteasy.core.SynchronousDispatcher.preprocess(SynchronousDispatcher.java:140)
	at org.jboss.resteasy.core.SynchronousDispatcher.invoke(SynchronousDispatcher.java:217)
	at org.jboss.resteasy.plugins.server.servlet.ServletContainerDispatcher.service(ServletContainerDispatcher.java:227)
	at org.jboss.resteasy.plugins.server.servlet.HttpServletDispatcher.service(HttpServletDispatcher.java:56)
	at org.jboss.resteasy.plugins.server.servlet.HttpServletDispatcher.service(HttpServletDispatcher.java:51)
	at javax.servlet.http.HttpServlet.service(HttpServlet.java:790)
	at io.undertow.servlet.handlers.ServletHandler.handleRequest(ServletHandler.java:85)
	at io.undertow.servlet.handlers.security.ServletSecurityRoleHandler.handleRequest(ServletSecurityRoleHandler.java:62)
	at io.undertow.servlet.handlers.ServletDispatchingHandler.handleRequest(ServletDispatchingHandler.java:36)
	at io.undertow.servlet.handlers.security.SSLInformationAssociationHandler.handleRequest(SSLInformationAssociationHandler.java:131)
	at io.undertow.servlet.handlers.security.ServletAuthenticationCallHandler.handleRequest(ServletAuthenticationCallHandler.java:57)
	at io.undertow.server.handlers.PredicateHandler.handleRequest(PredicateHandler.java:43)
	at io.undertow.security.handlers.AbstractConfidentialityHandler.handleRequest(AbstractConfidentialityHandler.java:46)
	at io.undertow.servlet.handlers.security.ServletConfidentialityConstraintHandler.handleRequest(ServletConfidentialityConstraintHandler.java:64)
	at io.undertow.security.handlers.AuthenticationMechanismsHandler.handleRequest(AuthenticationMechanismsHandler.java:60)
	at io.undertow.servlet.handlers.security.CachedAuthenticatedSessionHandler.handleRequest(CachedAuthenticatedSessionHandler.java:77)
	at io.undertow.security.handlers.AbstractSecurityContextAssociationHandler.handleRequest(AbstractSecurityContextAssociationHandler.java:43)
	at io.undertow.server.handlers.PredicateHandler.handleRequest(PredicateHandler.java:43)
	at io.undertow.server.handlers.PredicateHandler.handleRequest(PredicateHandler.java:43)
	at io.undertow.servlet.handlers.ServletInitialHandler.handleFirstRequest(ServletInitialHandler.java:292)
	at io.undertow.servlet.handlers.ServletInitialHandler.access$100(ServletInitialHandler.java:81)
	at io.undertow.servlet.handlers.ServletInitialHandler$2.call(ServletInitialHandler.java:138)
	at io.undertow.servlet.handlers.ServletInitialHandler$2.call(ServletInitialHandler.java:135)
	at io.undertow.servlet.core.ServletRequestContextThreadSetupAction$1.call(ServletRequestContextThreadSetupAction.java:48)
	at io.undertow.servlet.core.ContextClassLoaderSetupAction$1.call(ContextClassLoaderSetupAction.java:43)
	at io.undertow.servlet.handlers.ServletInitialHandler.dispatchRequest(ServletInitialHandler.java:272)
	at io.undertow.servlet.handlers.ServletInitialHandler.access$000(ServletInitialHandler.java:81)
	at io.undertow.servlet.handlers.ServletInitialHandler$1.handleRequest(ServletInitialHandler.java:104)
	at io.undertow.server.Connectors.executeRootHandler(Connectors.java:360)
	at io.undertow.server.HttpServerExchange$1.run(HttpServerExchange.java:830)
	at java.util.concurrent.ThreadPoolExecutor.runWorker(ThreadPoolExecutor.java:1149)
	at java.util.concurrent.ThreadPoolExecutor$Worker.run(ThreadPoolExecutor.java:624)
	at java.lang.Thread.run(Thread.java:748)
Caused by: java.lang.NullPointerException
	at java.util.concurrent.ConcurrentHashMap.get(ConcurrentHashMap.java:936)
	at java.util.concurrent.ConcurrentHashMap.containsKey(ConcurrentHashMap.java:964)
	at com.revolut.account.dao.InMemoryDaoImpl.createCustomer(InMemoryDaoImpl.java:22)
	at com.revolut.account.controller.AccountController.saveCustomerAccount(AccountController.java:33)
	at sun.reflect.NativeMethodAccessorImpl.invoke0(Native Method)
	at sun.reflect.NativeMethodAccessorImpl.invoke(NativeMethodAccessorImpl.java:62)
	at sun.reflect.DelegatingMethodAccessorImpl.invoke(DelegatingMethodAccessorImpl.java:43)
	at java.lang.reflect.Method.invoke(Method.java:498)
	at org.jboss.resteasy.core.MethodInjectorImpl.invoke(MethodInjectorImpl.java:140)
	at org.jboss.resteasy.core.ResourceMethodInvoker.internalInvokeOnTarget(ResourceMethodInvoker.java:511)
	at org.jboss.resteasy.core.ResourceMethodInvoker.invokeOnTargetAfterFilter(ResourceMethodInvoker.java:402)
	at org.jboss.resteasy.core.ResourceMethodInvoker.lambda$invokeOnTarget$0(ResourceMethodInvoker.java:366)
	at org.jboss.resteasy.core.interception.PreMatchContainerRequestContext.filter(PreMatchContainerRequestContext.java:361)
	at org.jboss.resteasy.core.ResourceMethodInvoker.invokeOnTarget(ResourceMethodInvoker.java:368)
	at org.jboss.resteasy.core.ResourceMethodInvoker.invoke(ResourceMethodInvoker.java:340)
	at org.jboss.resteasy.core.ResourceMethodInvoker.invoke(ResourceMethodInvoker.java:313)
	at org.jboss.resteasy.core.SynchronousDispatcher.invoke(SynchronousDispatcher.java:441)
	... 36 more
DEBUG XNIO-1 task-3 io.undertow.request.error-response - Setting error code 500 for exchange HttpServerExchange{ POST /account/createCustomer request {Postman-Token=[58967e33-b5b8-4bb7-91d2-67cbf28a33c9], Accept=[*/*], cache-control=[no-cache], accept-encoding=[gzip, deflate], User-Agent=[PostmanRuntime/7.1.1], Connection=[keep-alive], Content-Type=[application/json], content-length=[42], Host=[localhost:8080]} response {}}
java.lang.RuntimeException
	at io.undertow.server.HttpServerExchange.setStatusCode(HttpServerExchange.java:1410)
	at io.undertow.servlet.handlers.ServletInitialHandler.handleFirstRequest(ServletInitialHandler.java:310)
	at io.undertow.servlet.handlers.ServletInitialHandler.access$100(ServletInitialHandler.java:81)
	at io.undertow.servlet.handlers.ServletInitialHandler$2.call(ServletInitialHandler.java:138)
	at io.undertow.servlet.handlers.ServletInitialHandler$2.call(ServletInitialHandler.java:135)
	at io.undertow.servlet.core.ServletRequestContextThreadSetupAction$1.call(ServletRequestContextThreadSetupAction.java:48)
	at io.undertow.servlet.core.ContextClassLoaderSetupAction$1.call(ContextClassLoaderSetupAction.java:43)
	at io.undertow.servlet.handlers.ServletInitialHandler.dispatchRequest(ServletInitialHandler.java:272)
	at io.undertow.servlet.handlers.ServletInitialHandler.access$000(ServletInitialHandler.java:81)
	at io.undertow.servlet.handlers.ServletInitialHandler$1.handleRequest(ServletInitialHandler.java:104)
	at io.undertow.server.Connectors.executeRootHandler(Connectors.java:360)
	at io.undertow.server.HttpServerExchange$1.run(HttpServerExchange.java:830)
	at java.util.concurrent.ThreadPoolExecutor.runWorker(ThreadPoolExecutor.java:1149)
	at java.util.concurrent.ThreadPoolExecutor$Worker.run(ThreadPoolExecutor.java:624)
	at java.lang.Thread.run(Thread.java:748)
DEBUG XNIO-1 I/O-4 io.undertow.request - Timing out idle connection from /0:0:0:0:0:0:0:1:56681
DEBUG XNIO-1 I/O-3 io.undertow.request - Matched default handler path /account/createCustomer/sudharshanrao@gmail.com
DEBUG XNIO-1 task-4 io.undertow.request.security - Attempting to authenticate /account/createCustomer/sudharshanrao@gmail.com, authentication required: false
DEBUG XNIO-1 task-4 io.undertow.request.security - Authentication outcome was NOT_ATTEMPTED with method io.undertow.security.impl.CachedAuthenticatedSessionMechanism@1796efdc for /account/createCustomer/sudharshanrao@gmail.com
DEBUG XNIO-1 task-4 io.undertow.request.security - Authentication result was ATTEMPTED for /account/createCustomer/sudharshanrao@gmail.com
DEBUG XNIO-1 task-4 org.jboss.resteasy.resteasy_jaxrs.i18n - RESTEASY002315: PathInfo: /account/createCustomer/sudharshanrao@gmail.com
DEBUG XNIO-1 task-4 org.jboss.resteasy.resteasy_jaxrs.i18n - RESTEASY002307: Failed to execute
javax.ws.rs.NotFoundException: RESTEASY003210: Could not find resource for full path: http://localhost:8080/account/createCustomer/sudharshanrao@gmail.com
	at org.jboss.resteasy.core.registry.SegmentNode.match(SegmentNode.java:137)
	at org.jboss.resteasy.core.registry.RootNode.match(RootNode.java:43)
	at org.jboss.resteasy.core.registry.RootClassNode.match(RootClassNode.java:48)
	at org.jboss.resteasy.core.ResourceMethodRegistry.getResourceInvoker(ResourceMethodRegistry.java:438)
	at org.jboss.resteasy.core.SynchronousDispatcher.getInvoker(SynchronousDispatcher.java:302)
	at org.jboss.resteasy.core.SynchronousDispatcher.lambda$invoke$4(SynchronousDispatcher.java:223)
	at org.jboss.resteasy.core.SynchronousDispatcher.lambda$preprocess$0(SynchronousDispatcher.java:137)
	at org.jboss.resteasy.core.interception.PreMatchContainerRequestContext.filter(PreMatchContainerRequestContext.java:361)
	at org.jboss.resteasy.core.SynchronousDispatcher.preprocess(SynchronousDispatcher.java:140)
	at org.jboss.resteasy.core.SynchronousDispatcher.invoke(SynchronousDispatcher.java:217)
	at org.jboss.resteasy.plugins.server.servlet.ServletContainerDispatcher.service(ServletContainerDispatcher.java:227)
	at org.jboss.resteasy.plugins.server.servlet.HttpServletDispatcher.service(HttpServletDispatcher.java:56)
	at org.jboss.resteasy.plugins.server.servlet.HttpServletDispatcher.service(HttpServletDispatcher.java:51)
	at javax.servlet.http.HttpServlet.service(HttpServlet.java:790)
	at io.undertow.servlet.handlers.ServletHandler.handleRequest(ServletHandler.java:85)
	at io.undertow.servlet.handlers.security.ServletSecurityRoleHandler.handleRequest(ServletSecurityRoleHandler.java:62)
	at io.undertow.servlet.handlers.ServletDispatchingHandler.handleRequest(ServletDispatchingHandler.java:36)
	at io.undertow.servlet.handlers.security.SSLInformationAssociationHandler.handleRequest(SSLInformationAssociationHandler.java:131)
	at io.undertow.servlet.handlers.security.ServletAuthenticationCallHandler.handleRequest(ServletAuthenticationCallHandler.java:57)
	at io.undertow.server.handlers.PredicateHandler.handleRequest(PredicateHandler.java:43)
	at io.undertow.security.handlers.AbstractConfidentialityHandler.handleRequest(AbstractConfidentialityHandler.java:46)
	at io.undertow.servlet.handlers.security.ServletConfidentialityConstraintHandler.handleRequest(ServletConfidentialityConstraintHandler.java:64)
	at io.undertow.security.handlers.AuthenticationMechanismsHandler.handleRequest(AuthenticationMechanismsHandler.java:60)
	at io.undertow.servlet.handlers.security.CachedAuthenticatedSessionHandler.handleRequest(CachedAuthenticatedSessionHandler.java:77)
	at io.undertow.security.handlers.AbstractSecurityContextAssociationHandler.handleRequest(AbstractSecurityContextAssociationHandler.java:43)
	at io.undertow.server.handlers.PredicateHandler.handleRequest(PredicateHandler.java:43)
	at io.undertow.server.handlers.PredicateHandler.handleRequest(PredicateHandler.java:43)
	at io.undertow.servlet.handlers.ServletInitialHandler.handleFirstRequest(ServletInitialHandler.java:292)
	at io.undertow.servlet.handlers.ServletInitialHandler.access$100(ServletInitialHandler.java:81)
	at io.undertow.servlet.handlers.ServletInitialHandler$2.call(ServletInitialHandler.java:138)
	at io.undertow.servlet.handlers.ServletInitialHandler$2.call(ServletInitialHandler.java:135)
	at io.undertow.servlet.core.ServletRequestContextThreadSetupAction$1.call(ServletRequestContextThreadSetupAction.java:48)
	at io.undertow.servlet.core.ContextClassLoaderSetupAction$1.call(ContextClassLoaderSetupAction.java:43)
	at io.undertow.servlet.handlers.ServletInitialHandler.dispatchRequest(ServletInitialHandler.java:272)
	at io.undertow.servlet.handlers.ServletInitialHandler.access$000(ServletInitialHandler.java:81)
	at io.undertow.servlet.handlers.ServletInitialHandler$1.handleRequest(ServletInitialHandler.java:104)
	at io.undertow.server.Connectors.executeRootHandler(Connectors.java:360)
	at io.undertow.server.HttpServerExchange$1.run(HttpServerExchange.java:830)
	at java.util.concurrent.ThreadPoolExecutor.runWorker(ThreadPoolExecutor.java:1149)
	at java.util.concurrent.ThreadPoolExecutor$Worker.run(ThreadPoolExecutor.java:624)
	at java.lang.Thread.run(Thread.java:748)
DEBUG XNIO-1 I/O-3 io.undertow.request - Timing out idle connection from /0:0:0:0:0:0:0:1:56698
DEBUG main io.undertow.session - Setting default session timeout to 1800
DEBUG main io.undertow.session - Registered session listener io.undertow.servlet.core.SessionListenerBridge@13eb8acf
DEBUG main org.jboss.resteasy.resteasy_jaxrs.i18n - Provider : org.jboss.resteasy.plugins.providers.DocumentProvider,  Method : DocumentProvider
DEBUG main org.jboss.resteasy.resteasy_jaxrs.i18n - Provider : org.jboss.resteasy.plugins.providers.DocumentProvider,  Method : DocumentProvider
INFO main org.jboss.resteasy.resteasy_jaxrs.i18n - RESTEASY002225: Deploying javax.ws.rs.core.Application: class com.revolut.account.RevolutMoneyTransferApp
INFO main org.jboss.resteasy.resteasy_jaxrs.i18n - RESTEASY002200: Adding class resource com.revolut.account.controller.AccountController from Application class com.revolut.account.RevolutMoneyTransferApp
DEBUG main com.revolut.account.RestServer - starting on http://0.0.0.0:8080
DEBUG main io.undertow - starting undertow server io.undertow.Undertow@15aab8c6
INFO main org.xnio - XNIO version 3.3.8.Final
INFO main org.xnio.nio - XNIO NIO Implementation Version 3.3.8.Final
DEBUG XNIO-1 I/O-3 org.xnio.nio - Started channel thread 'XNIO-1 I/O-3', selector sun.nio.ch.WindowsSelectorImpl@73300135
DEBUG XNIO-1 I/O-2 org.xnio.nio - Started channel thread 'XNIO-1 I/O-2', selector sun.nio.ch.WindowsSelectorImpl@7c897aaa
DEBUG XNIO-1 I/O-1 org.xnio.nio - Started channel thread 'XNIO-1 I/O-1', selector sun.nio.ch.WindowsSelectorImpl@27b620b
DEBUG XNIO-1 I/O-4 org.xnio.nio - Started channel thread 'XNIO-1 I/O-4', selector sun.nio.ch.WindowsSelectorImpl@13d50935
DEBUG XNIO-1 Accept org.xnio.nio - Started channel thread 'XNIO-1 Accept', selector sun.nio.ch.WindowsSelectorImpl@29559958
DEBUG main io.undertow - Configuring listener with protocol HTTP for interface 0.0.0.0 and port 8080
DEBUG XNIO-1 I/O-2 io.undertow.request - Matched default handler path /account/createCustomer/sudharshanrao@gmail.com
DEBUG XNIO-1 task-1 io.undertow.request.security - Attempting to authenticate /account/createCustomer/sudharshanrao@gmail.com, authentication required: false
DEBUG XNIO-1 task-1 io.undertow.request.security - Authentication outcome was NOT_ATTEMPTED with method io.undertow.security.impl.CachedAuthenticatedSessionMechanism@307fb9c3 for /account/createCustomer/sudharshanrao@gmail.com
DEBUG XNIO-1 task-1 io.undertow.request.security - Authentication result was ATTEMPTED for /account/createCustomer/sudharshanrao@gmail.com
DEBUG XNIO-1 task-1 org.jboss.resteasy.resteasy_jaxrs.i18n - RESTEASY002315: PathInfo: /account/createCustomer/sudharshanrao@gmail.com
DEBUG XNIO-1 I/O-2 io.undertow.request - Matched default handler path /account/allCustomers
DEBUG XNIO-1 task-2 io.undertow.request.security - Attempting to authenticate /account/allCustomers, authentication required: false
DEBUG XNIO-1 task-2 io.undertow.request.security - Authentication outcome was NOT_ATTEMPTED with method io.undertow.security.impl.CachedAuthenticatedSessionMechanism@307fb9c3 for /account/allCustomers
DEBUG XNIO-1 task-2 io.undertow.request.security - Authentication result was ATTEMPTED for /account/allCustomers
DEBUG XNIO-1 task-2 org.jboss.resteasy.resteasy_jaxrs.i18n - RESTEASY002315: PathInfo: /account/allCustomers
DEBUG XNIO-1 task-2 org.jboss.resteasy.resteasy_jaxrs.i18n - MessageBodyWriter: org.jboss.resteasy.spi.ResteasyProviderFactory$SortedKey
DEBUG XNIO-1 task-2 org.jboss.resteasy.resteasy_jaxrs.i18n - MessageBodyWriter: org.jboss.resteasy.plugins.providers.jackson.ResteasyJackson2Provider
DEBUG XNIO-1 task-2 org.jboss.resteasy.resteasy_jaxrs.i18n - MessageBodyWriter: org.jboss.resteasy.plugins.providers.jackson.ResteasyJackson2Provider
DEBUG XNIO-1 task-2 org.jboss.resteasy.resteasy_jaxrs.i18n - Interceptor Context: org.jboss.resteasy.core.interception.ServerWriterInterceptorContext,  Method : proceed
DEBUG XNIO-1 task-2 org.jboss.resteasy.resteasy_jaxrs.i18n - MessageBodyWriter: org.jboss.resteasy.spi.ResteasyProviderFactory$SortedKey
DEBUG XNIO-1 task-2 org.jboss.resteasy.resteasy_jaxrs.i18n - MessageBodyWriter: org.jboss.resteasy.plugins.providers.jackson.ResteasyJackson2Provider
DEBUG XNIO-1 task-2 org.jboss.resteasy.resteasy_jaxrs.i18n - Provider : org.jboss.resteasy.plugins.providers.jackson.ResteasyJackson2Provider,  Method : writeTo
DEBUG XNIO-1 I/O-2 io.undertow.request - Timing out idle connection from /0:0:0:0:0:0:0:1:57135
DEBUG main io.undertow.session - Setting default session timeout to 1800
DEBUG main io.undertow.session - Registered session listener io.undertow.servlet.core.SessionListenerBridge@13eb8acf
DEBUG main org.jboss.resteasy.resteasy_jaxrs.i18n - Provider : org.jboss.resteasy.plugins.providers.DocumentProvider,  Method : DocumentProvider
DEBUG main org.jboss.resteasy.resteasy_jaxrs.i18n - Provider : org.jboss.resteasy.plugins.providers.DocumentProvider,  Method : DocumentProvider
INFO main org.jboss.resteasy.resteasy_jaxrs.i18n - RESTEASY002225: Deploying javax.ws.rs.core.Application: class com.revolut.account.RevolutMoneyTransferApp
INFO main org.jboss.resteasy.resteasy_jaxrs.i18n - RESTEASY002200: Adding class resource com.revolut.account.controller.AccountController from Application class com.revolut.account.RevolutMoneyTransferApp
DEBUG main com.revolut.account.RestServer - starting on http://0.0.0.0:8080
DEBUG main io.undertow - starting undertow server io.undertow.Undertow@15aab8c6
INFO main org.xnio - XNIO version 3.3.8.Final
INFO main org.xnio.nio - XNIO NIO Implementation Version 3.3.8.Final
DEBUG XNIO-1 I/O-2 org.xnio.nio - Started channel thread 'XNIO-1 I/O-2', selector sun.nio.ch.WindowsSelectorImpl@7a223afd
DEBUG XNIO-1 Accept org.xnio.nio - Started channel thread 'XNIO-1 Accept', selector sun.nio.ch.WindowsSelectorImpl@edb3a2c
DEBUG XNIO-1 I/O-4 org.xnio.nio - Started channel thread 'XNIO-1 I/O-4', selector sun.nio.ch.WindowsSelectorImpl@344bfd28
DEBUG XNIO-1 I/O-3 org.xnio.nio - Started channel thread 'XNIO-1 I/O-3', selector sun.nio.ch.WindowsSelectorImpl@415e0ab
DEBUG XNIO-1 I/O-1 org.xnio.nio - Started channel thread 'XNIO-1 I/O-1', selector sun.nio.ch.WindowsSelectorImpl@2cec2fb3
DEBUG main io.undertow - Configuring listener with protocol HTTP for interface 0.0.0.0 and port 8080
DEBUG XNIO-1 I/O-2 io.undertow.request - Matched default handler path /account/createCustomer/sudharshanrao@gmail.com
DEBUG XNIO-1 task-1 io.undertow.request.security - Attempting to authenticate /account/createCustomer/sudharshanrao@gmail.com, authentication required: false
DEBUG XNIO-1 task-1 io.undertow.request.security - Authentication outcome was NOT_ATTEMPTED with method io.undertow.security.impl.CachedAuthenticatedSessionMechanism@795cc47b for /account/createCustomer/sudharshanrao@gmail.com
DEBUG XNIO-1 task-1 io.undertow.request.security - Authentication result was ATTEMPTED for /account/createCustomer/sudharshanrao@gmail.com
DEBUG XNIO-1 task-1 org.jboss.resteasy.resteasy_jaxrs.i18n - RESTEASY002315: PathInfo: /account/createCustomer/sudharshanrao@gmail.com
DEBUG XNIO-1 I/O-2 io.undertow.request - Timing out idle connection from /0:0:0:0:0:0:0:1:58147
DEBUG XNIO-1 I/O-4 io.undertow.request - Matched default handler path /account/allCustomers
DEBUG XNIO-1 task-2 io.undertow.request.security - Attempting to authenticate /account/allCustomers, authentication required: false
DEBUG XNIO-1 task-2 io.undertow.request.security - Authentication outcome was NOT_ATTEMPTED with method io.undertow.security.impl.CachedAuthenticatedSessionMechanism@795cc47b for /account/allCustomers
DEBUG XNIO-1 task-2 io.undertow.request.security - Authentication result was ATTEMPTED for /account/allCustomers
DEBUG XNIO-1 task-2 org.jboss.resteasy.resteasy_jaxrs.i18n - RESTEASY002315: PathInfo: /account/allCustomers
DEBUG XNIO-1 task-2 org.jboss.resteasy.resteasy_jaxrs.i18n - MessageBodyWriter: org.jboss.resteasy.spi.ResteasyProviderFactory$SortedKey
DEBUG XNIO-1 task-2 org.jboss.resteasy.resteasy_jaxrs.i18n - MessageBodyWriter: org.jboss.resteasy.plugins.providers.jackson.ResteasyJackson2Provider
DEBUG XNIO-1 task-2 org.jboss.resteasy.resteasy_jaxrs.i18n - MessageBodyWriter: org.jboss.resteasy.plugins.providers.jackson.ResteasyJackson2Provider
DEBUG XNIO-1 task-2 org.jboss.resteasy.resteasy_jaxrs.i18n - Interceptor Context: org.jboss.resteasy.core.interception.ServerWriterInterceptorContext,  Method : proceed
DEBUG XNIO-1 task-2 org.jboss.resteasy.resteasy_jaxrs.i18n - MessageBodyWriter: org.jboss.resteasy.spi.ResteasyProviderFactory$SortedKey
DEBUG XNIO-1 task-2 org.jboss.resteasy.resteasy_jaxrs.i18n - MessageBodyWriter: org.jboss.resteasy.plugins.providers.jackson.ResteasyJackson2Provider
DEBUG XNIO-1 task-2 org.jboss.resteasy.resteasy_jaxrs.i18n - Provider : org.jboss.resteasy.plugins.providers.jackson.ResteasyJackson2Provider,  Method : writeTo
DEBUG XNIO-1 I/O-4 io.undertow.request - Matched default handler path /account/createCustomer/sudharshanrao@gmail.com
DEBUG XNIO-1 task-3 io.undertow.request.security - Attempting to authenticate /account/createCustomer/sudharshanrao@gmail.com, authentication required: false
DEBUG XNIO-1 task-3 io.undertow.request.security - Authentication outcome was NOT_ATTEMPTED with method io.undertow.security.impl.CachedAuthenticatedSessionMechanism@795cc47b for /account/createCustomer/sudharshanrao@gmail.com
DEBUG XNIO-1 task-3 io.undertow.request.security - Authentication result was ATTEMPTED for /account/createCustomer/sudharshanrao@gmail.com
DEBUG XNIO-1 task-3 org.jboss.resteasy.resteasy_jaxrs.i18n - RESTEASY002315: PathInfo: /account/createCustomer/sudharshanrao@gmail.com
DEBUG XNIO-1 I/O-4 io.undertow.request - Matched default handler path /account/allCustomers
DEBUG XNIO-1 task-4 io.undertow.request.security - Attempting to authenticate /account/allCustomers, authentication required: false
DEBUG XNIO-1 task-4 io.undertow.request.security - Authentication outcome was NOT_ATTEMPTED with method io.undertow.security.impl.CachedAuthenticatedSessionMechanism@795cc47b for /account/allCustomers
DEBUG XNIO-1 task-4 io.undertow.request.security - Authentication result was ATTEMPTED for /account/allCustomers
DEBUG XNIO-1 task-4 org.jboss.resteasy.resteasy_jaxrs.i18n - RESTEASY002315: PathInfo: /account/allCustomers
DEBUG main io.undertow.session - Setting default session timeout to 1800
DEBUG main io.undertow.session - Registered session listener io.undertow.servlet.core.SessionListenerBridge@13eb8acf
DEBUG main org.jboss.resteasy.resteasy_jaxrs.i18n - Provider : org.jboss.resteasy.plugins.providers.DocumentProvider,  Method : DocumentProvider
DEBUG main org.jboss.resteasy.resteasy_jaxrs.i18n - Provider : org.jboss.resteasy.plugins.providers.DocumentProvider,  Method : DocumentProvider
INFO main org.jboss.resteasy.resteasy_jaxrs.i18n - RESTEASY002225: Deploying javax.ws.rs.core.Application: class com.revolut.account.RevolutMoneyTransferApp
INFO main org.jboss.resteasy.resteasy_jaxrs.i18n - RESTEASY002200: Adding class resource com.revolut.account.controller.AccountController from Application class com.revolut.account.RevolutMoneyTransferApp
DEBUG main com.revolut.account.RestServer - starting on http://0.0.0.0:8080
DEBUG main io.undertow - starting undertow server io.undertow.Undertow@37654521
INFO main org.xnio - XNIO version 3.3.8.Final
INFO main org.xnio.nio - XNIO NIO Implementation Version 3.3.8.Final
DEBUG XNIO-1 I/O-1 org.xnio.nio - Started channel thread 'XNIO-1 I/O-1', selector sun.nio.ch.WindowsSelectorImpl@68d2f82
DEBUG XNIO-1 Accept org.xnio.nio - Started channel thread 'XNIO-1 Accept', selector sun.nio.ch.WindowsSelectorImpl@7ec72113
DEBUG XNIO-1 I/O-3 org.xnio.nio - Started channel thread 'XNIO-1 I/O-3', selector sun.nio.ch.WindowsSelectorImpl@9571ef3
DEBUG XNIO-1 I/O-2 org.xnio.nio - Started channel thread 'XNIO-1 I/O-2', selector sun.nio.ch.WindowsSelectorImpl@1dcf0d4c
DEBUG XNIO-1 I/O-4 org.xnio.nio - Started channel thread 'XNIO-1 I/O-4', selector sun.nio.ch.WindowsSelectorImpl@6268a7a3
DEBUG main io.undertow - Configuring listener with protocol HTTP for interface 0.0.0.0 and port 8080
DEBUG XNIO-1 I/O-1 io.undertow.request - Matched default handler path /account/allCustomers
DEBUG XNIO-1 task-1 io.undertow.request.security - Attempting to authenticate /account/allCustomers, authentication required: false
DEBUG XNIO-1 task-1 io.undertow.request.security - Authentication outcome was NOT_ATTEMPTED with method io.undertow.security.impl.CachedAuthenticatedSessionMechanism@6425059a for /account/allCustomers
DEBUG XNIO-1 task-1 io.undertow.request.security - Authentication result was ATTEMPTED for /account/allCustomers
DEBUG XNIO-1 task-1 org.jboss.resteasy.resteasy_jaxrs.i18n - RESTEASY002315: PathInfo: /account/allCustomers
DEBUG XNIO-1 task-1 org.jboss.resteasy.resteasy_jaxrs.i18n - MessageBodyWriter: org.jboss.resteasy.spi.ResteasyProviderFactory$SortedKey
DEBUG XNIO-1 task-1 org.jboss.resteasy.resteasy_jaxrs.i18n - MessageBodyWriter: org.jboss.resteasy.plugins.providers.jackson.ResteasyJackson2Provider
DEBUG XNIO-1 task-1 org.jboss.resteasy.resteasy_jaxrs.i18n - MessageBodyWriter: org.jboss.resteasy.plugins.providers.jackson.ResteasyJackson2Provider
DEBUG XNIO-1 task-1 org.jboss.resteasy.resteasy_jaxrs.i18n - Interceptor Context: org.jboss.resteasy.core.interception.ServerWriterInterceptorContext,  Method : proceed
DEBUG XNIO-1 task-1 org.jboss.resteasy.resteasy_jaxrs.i18n - MessageBodyWriter: org.jboss.resteasy.spi.ResteasyProviderFactory$SortedKey
DEBUG XNIO-1 task-1 org.jboss.resteasy.resteasy_jaxrs.i18n - MessageBodyWriter: org.jboss.resteasy.plugins.providers.jackson.ResteasyJackson2Provider
DEBUG XNIO-1 task-1 org.jboss.resteasy.resteasy_jaxrs.i18n - Provider : org.jboss.resteasy.plugins.providers.jackson.ResteasyJackson2Provider,  Method : writeTo
DEBUG XNIO-1 I/O-1 io.undertow.request - Matched default handler path /account/createCustomer/sudharshanrao@gmail.com
DEBUG XNIO-1 task-2 io.undertow.request.security - Attempting to authenticate /account/createCustomer/sudharshanrao@gmail.com, authentication required: false
DEBUG XNIO-1 task-2 io.undertow.request.security - Authentication outcome was NOT_ATTEMPTED with method io.undertow.security.impl.CachedAuthenticatedSessionMechanism@6425059a for /account/createCustomer/sudharshanrao@gmail.com
DEBUG XNIO-1 task-2 io.undertow.request.security - Authentication result was ATTEMPTED for /account/createCustomer/sudharshanrao@gmail.com
DEBUG XNIO-1 task-2 org.jboss.resteasy.resteasy_jaxrs.i18n - RESTEASY002315: PathInfo: /account/createCustomer/sudharshanrao@gmail.com
DEBUG XNIO-1 I/O-1 io.undertow.request - Matched default handler path /account/allCustomers
DEBUG XNIO-1 task-3 io.undertow.request.security - Attempting to authenticate /account/allCustomers, authentication required: false
DEBUG XNIO-1 task-3 io.undertow.request.security - Authentication outcome was NOT_ATTEMPTED with method io.undertow.security.impl.CachedAuthenticatedSessionMechanism@6425059a for /account/allCustomers
DEBUG XNIO-1 task-3 io.undertow.request.security - Authentication result was ATTEMPTED for /account/allCustomers
DEBUG XNIO-1 task-3 org.jboss.resteasy.resteasy_jaxrs.i18n - RESTEASY002315: PathInfo: /account/allCustomers
DEBUG main io.undertow.session - Setting default session timeout to 1800
DEBUG main io.undertow.session - Registered session listener io.undertow.servlet.core.SessionListenerBridge@13eb8acf
DEBUG main org.jboss.resteasy.resteasy_jaxrs.i18n - Provider : org.jboss.resteasy.plugins.providers.DocumentProvider,  Method : DocumentProvider
DEBUG main org.jboss.resteasy.resteasy_jaxrs.i18n - Provider : org.jboss.resteasy.plugins.providers.DocumentProvider,  Method : DocumentProvider
INFO main org.jboss.resteasy.resteasy_jaxrs.i18n - RESTEASY002225: Deploying javax.ws.rs.core.Application: class com.revolut.account.RevolutMoneyTransferApp
INFO main org.jboss.resteasy.resteasy_jaxrs.i18n - RESTEASY002220: Adding singleton resource com.revolut.account.controller.AccountController from Application class com.revolut.account.RevolutMoneyTransferApp
DEBUG main com.revolut.account.RestServer - starting on http://0.0.0.0:8080
DEBUG main io.undertow - starting undertow server io.undertow.Undertow@793be5ca
INFO main org.xnio - XNIO version 3.3.8.Final
INFO main org.xnio.nio - XNIO NIO Implementation Version 3.3.8.Final
DEBUG XNIO-1 I/O-2 org.xnio.nio - Started channel thread 'XNIO-1 I/O-2', selector sun.nio.ch.WindowsSelectorImpl@254f1844
DEBUG XNIO-1 I/O-3 org.xnio.nio - Started channel thread 'XNIO-1 I/O-3', selector sun.nio.ch.WindowsSelectorImpl@679073df
DEBUG XNIO-1 I/O-1 org.xnio.nio - Started channel thread 'XNIO-1 I/O-1', selector sun.nio.ch.WindowsSelectorImpl@48b3fdb2
DEBUG XNIO-1 Accept org.xnio.nio - Started channel thread 'XNIO-1 Accept', selector sun.nio.ch.WindowsSelectorImpl@a101204
DEBUG XNIO-1 I/O-4 org.xnio.nio - Started channel thread 'XNIO-1 I/O-4', selector sun.nio.ch.WindowsSelectorImpl@4bfaad43
DEBUG main io.undertow - Configuring listener with protocol HTTP for interface 0.0.0.0 and port 8080
DEBUG XNIO-1 I/O-3 io.undertow.request - Matched default handler path /account/createCustomer/sudharshanrao@gmail.com
DEBUG XNIO-1 task-1 io.undertow.request.security - Attempting to authenticate /account/createCustomer/sudharshanrao@gmail.com, authentication required: false
DEBUG XNIO-1 task-1 io.undertow.request.security - Authentication outcome was NOT_ATTEMPTED with method io.undertow.security.impl.CachedAuthenticatedSessionMechanism@24d04ea8 for /account/createCustomer/sudharshanrao@gmail.com
DEBUG XNIO-1 task-1 io.undertow.request.security - Authentication result was ATTEMPTED for /account/createCustomer/sudharshanrao@gmail.com
DEBUG XNIO-1 task-1 org.jboss.resteasy.resteasy_jaxrs.i18n - RESTEASY002315: PathInfo: /account/createCustomer/sudharshanrao@gmail.com
DEBUG XNIO-1 I/O-3 io.undertow.request - Matched default handler path /account/allCustomers
DEBUG XNIO-1 task-2 io.undertow.request.security - Attempting to authenticate /account/allCustomers, authentication required: false
DEBUG XNIO-1 task-2 io.undertow.request.security - Authentication outcome was NOT_ATTEMPTED with method io.undertow.security.impl.CachedAuthenticatedSessionMechanism@24d04ea8 for /account/allCustomers
DEBUG XNIO-1 task-2 io.undertow.request.security - Authentication result was ATTEMPTED for /account/allCustomers
DEBUG XNIO-1 task-2 org.jboss.resteasy.resteasy_jaxrs.i18n - RESTEASY002315: PathInfo: /account/allCustomers
DEBUG XNIO-1 task-2 org.jboss.resteasy.resteasy_jaxrs.i18n - MessageBodyWriter: org.jboss.resteasy.spi.ResteasyProviderFactory$SortedKey
DEBUG XNIO-1 task-2 org.jboss.resteasy.resteasy_jaxrs.i18n - MessageBodyWriter: org.jboss.resteasy.plugins.providers.jackson.ResteasyJackson2Provider
DEBUG XNIO-1 task-2 org.jboss.resteasy.resteasy_jaxrs.i18n - MessageBodyWriter: org.jboss.resteasy.plugins.providers.jackson.ResteasyJackson2Provider
DEBUG XNIO-1 task-2 org.jboss.resteasy.resteasy_jaxrs.i18n - Interceptor Context: org.jboss.resteasy.core.interception.ServerWriterInterceptorContext,  Method : proceed
DEBUG XNIO-1 task-2 org.jboss.resteasy.resteasy_jaxrs.i18n - MessageBodyWriter: org.jboss.resteasy.spi.ResteasyProviderFactory$SortedKey
DEBUG XNIO-1 task-2 org.jboss.resteasy.resteasy_jaxrs.i18n - MessageBodyWriter: org.jboss.resteasy.plugins.providers.jackson.ResteasyJackson2Provider
DEBUG XNIO-1 task-2 org.jboss.resteasy.resteasy_jaxrs.i18n - Provider : org.jboss.resteasy.plugins.providers.jackson.ResteasyJackson2Provider,  Method : writeTo
DEBUG XNIO-1 I/O-3 io.undertow.request - Timing out idle connection from /0:0:0:0:0:0:0:1:58310
